<?xml version="1.0" encoding="UTF-8"?>
<!-- Generated by org.testng.reporters.JUnitReportReporter -->
<testsuite hostname="KRYA-RE-LAP-019" failures="0" tests="1" name="tests.Reg_Test" time="122.664" errors="0" timestamp="2025-10-06T18:32:35 IST" skipped="0">
  <testcase classname="tests.Reg_Test" name="supplier_registration" time="122.664"/>
</testsuite> <!-- tests.Reg_Test -->
