<?xml version="1.0" encoding="UTF-8"?>
<!-- Generated by org.testng.reporters.JUnitReportReporter -->
<testsuite hostname="KRYA-RE-LAP-019" failures="0" tests="1" name="tests.AdminTest" time="21.211" errors="0" timestamp="2025-10-14T18:09:10 IST" skipped="0">
  <testcase classname="tests.AdminTest" name="valid_Admin_login" time="21.211"/>
</testsuite> <!-- tests.AdminTest -->
