<?xml version="1.0" encoding="UTF-8"?>
<!-- Generated by org.testng.reporters.JUnitReportReporter -->
<testsuite hostname="KRYA-RE-LAP-019" failures="0" tests="1" name="tests.Account_Creation" time="24.768" errors="0" timestamp="2025-10-06T18:32:35 IST" skipped="0">
  <testcase classname="tests.Account_Creation" name="supplier_user_creation" time="24.768"/>
</testsuite> <!-- tests.Account_Creation -->
