<?xml version="1.0" encoding="UTF-8"?>
<!-- Generated by org.testng.reporters.JUnitReportReporter -->
<testsuite hostname="KRYA-RE-LAP-019" failures="0" tests="1" name="tests.Directory_Test" time="15.587" errors="0" timestamp="2025-10-06T18:32:35 IST" skipped="0">
  <testcase classname="tests.Directory_Test" name="Supplier_Directory" time="15.587"/>
</testsuite> <!-- tests.Directory_Test -->
