<?xml version="1.0" encoding="UTF-8"?>
<!-- Generated by org.testng.reporters.JUnitReportReporter -->
<testsuite hostname="KRYA-RE-LAP-019" failures="0" tests="1" name="tests.LoginTest" time="14.898" errors="0" timestamp="2025-10-06T18:32:35 IST" skipped="0">
  <testcase classname="tests.LoginTest" name="valid_Buyer_login" time="14.898"/>
</testsuite> <!-- tests.LoginTest -->
