<?xml version="1.0" encoding="UTF-8"?>
<!-- Generated by org.testng.reporters.JUnitReportReporter -->
<testsuite hostname="KRYA-RE-LAP-019" failures="0" tests="1" name="tests.RFQ_Test" time="90.838" errors="0" timestamp="2025-10-06T18:32:35 IST" skipped="0">
  <testcase classname="tests.RFQ_Test" name="create_new_RFQ" time="90.838"/>
</testsuite> <!-- tests.RFQ_Test -->
