<?xml version="1.0" encoding="UTF-8"?>
<!-- Generated by org.testng.reporters.JUnitReportReporter -->
<testsuite hostname="KRYA-RE-LAP-019" failures="0" tests="1" name="tests.LoginTest" time="23.556" errors="0" timestamp="2025-10-14T17:56:39 IST" skipped="0">
  <testcase classname="tests.LoginTest" name="valid_Buyer_login" time="23.556"/>
</testsuite> <!-- tests.LoginTest -->
