<?xml version="1.0" encoding="UTF-8"?>
<!-- Generated by org.testng.reporters.JUnitReportReporter -->
<testsuite hostname="KRYA-RE-LAP-019" failures="0" tests="1" name="tests.MR_Test" time="34.778" errors="0" timestamp="2025-10-06T18:32:35 IST" skipped="0">
  <testcase classname="tests.MR_Test" name="create_new_MR" time="34.778"/>
</testsuite> <!-- tests.MR_Test -->
