<?xml version="1.0" encoding="UTF-8"?>
<!-- Generated by org.testng.reporters.JUnitReportReporter -->
<testsuite hostname="KRYA-RE-LAP-019" failures="0" tests="1" name="tests.PreQualify_Test" time="18.349" errors="0" timestamp="2025-10-06T18:32:35 IST" skipped="0">
  <testcase classname="tests.PreQualify_Test" name="Supplier_PreQualification" time="18.349"/>
</testsuite> <!-- tests.PreQualify_Test -->
